make all --print-data-base --no-builtin-variables --no-builtin-rules --question
# GNU Make 3.81
# Copyright (C) 2006  Free Software Foundation, Inc.
# This is free software; see the source for copying conditions.
# There is NO warranty; not even for MERCHANTABILITY or FITNESS FOR A
# PARTICULAR PURPOSE.

# This program built for i386-apple-darwin11.3.0

# Make data base, printed on Fri Jul 29 11:42:33 2022

# Variables

# automatic
<D = $(patsubst %/,%,$(dir $<))
# automatic
?F = $(notdir $?)
# automatic
?D = $(patsubst %/,%,$(dir $?))
# environment
CPPFLAGS = -I/opt/homebrew/opt/libressl/include
# environment
OPENSHIFT_INSTALL_PLATFORM = libvirt
# automatic
@D = $(patsubst %/,%,$(dir $@))
# automatic
@F = $(notdir $@)
# makefile
CURDIR := /Users/bhoward/src/kubevirt-hook
# makefile
SHELL = /bin/sh
# environment
VSCODE_NLS_CONFIG = {"locale":"en-us","availableLanguages":{},"_languagePackSupport":true}
# environment
_ = /usr/bin/make
# makefile (from `Makefile', line 1)
MAKEFILE_LIST :=  Makefile
# environment
padproxy = ssh -D 8888 -f -C -q -N ben@padfoot.local
# environment
KUBECONFIG = 
# environment
VSCODE_AMD_ENTRYPOINT = vs/workbench/api/node/extensionHostProcess
# makefile (from `Makefile', line 5)
_ldflags = -w -X main.version=${tag}~${commit} -X 'ddn.com/perms/pkg/kube.ddnModelVersion=${version}'
# environment
__CFBundleIdentifier = com.microsoft.VSCode
# environment
INFOPATH = /opt/homebrew/share/info:/opt/homebrew/share/info:
# environment
VSCODE_CWD = /
# environment
GOPROXY = https://proxy.golang.org,direct
# makefile (from `Makefile', line 8)
PATH := /Users/bhoward/src/kubevirt-hook/bin::/opt/local/bin:/opt/local/sbin:/opt/homebrew/bin:/Users/bhoward/go/bin:/Users/bhoward/.krew/bin:/Users/ben/bin:/User/ben/bin:/User/ben/.local/bin:/usr/local/bin:/usr/local/sbin:/usr/bin:/usr/sbin:/bin:/sbin:/opt/homebrew/opt/grep/libexec/gnubin:/opt/homebrew/opt/gnu-which/libexec/gnubin:/opt/homebrew/opt/gnu-tar/libexec/gnubin:/opt/homebrew/opt/gnu-sed/libexec/gnubin:/opt/homebrew/opt/gnu-indent/libexec/gnubin:/opt/homebrew/opt/findutils/libexec/gnubin:/opt/homebrew/opt/ed/libexec/gnubin:/opt/homebrew/opt/libressl/bin:/opt/homebrew/opt/bison/bin:/opt/homebrew/opt/flex/bin:/opt/homebrew/opt/python/libexec/bin:/opt/homebrew/opt/unzip/bin:/opt/homebrew/opt/file-formula/bin:/opt/homebrew/opt/m4/bin:/opt/homebrew/opt/make/libexec/gnubin:/opt/homebrew/opt/coreutils/libexec/gnubin:/opt/homebrew/bin:/opt/homebrew/bin:/opt/homebrew/sbin:/usr/local/bin:/usr/bin:/bin:/usr/sbin:/sbin:/usr/local/MacGPG2/bin:/Users/bhoward/go/bin:/Users/bhoward/.local/go/bin:/Users/bhoward/.local/bin:/Users/bhoward/bin
# makefile (from `Makefile', line 3)
commit = $(shell git log -n 1 --date=short --pretty=format:%h)
# makefile (from `Makefile', line 15)
localArch := arm64
# makefile (from `Makefile', line 12)
CGO_ENABLED = 0
# environment
GOPATH = /Users/bhoward/go
# environment
ELECTRON_RUN_AS_NODE = 1
# environment
LDFLAGS = -L/opt/homebrew/opt/libressl/lib
# default
.FEATURES := target-specific order-only second-expansion else-if archives jobserver check-symlink
# environment
HOMEBREW_GITHUB_API_TOKEN = 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
# environment
SSH_AUTH_SOCK = /private/tmp/com.apple.launchd.hFJMV6rFOn/Listeners
# automatic
%F = $(notdir $%)
# environment
PWD = /Users/bhoward/src/kubevirt-hook
# environment
HOMEBREW_CELLAR = /opt/homebrew/Cellar
# environment
PKG_CONFIG_PATH = /opt/homebrew/opt/libressl/lib/pkgconfig
# environment
ORIGINAL_XDG_CURRENT_DESKTOP = undefined
# environment
MANPATH = /opt/homebrew/opt/make/libexec/gnuman:/opt/homebrew/opt/coreutils/libexec/gnuman:/opt/homebrew/share/man:/opt/homebrew/share/man:
# environment
GOMODCACHE = /Users/bhoward/go/pkg/mod
# environment
HOME = /Users/bhoward
# default
MAKEFILEPATH = $(shell /usr/bin/xcode-select -print-path 2>/dev/null || echo /Developer)/Makefiles
# environment
VSCODE_CODE_CACHE_PATH = /Users/bhoward/Library/Application Support/Code/CachedData/3b889b090b5ad5793f524b5d1d39fda662b96a2a
# environment
LOGNAME = bhoward
# environment
APPLICATION_INSIGHTS_NO_DIAGNOSTIC_CHANNEL = true
# makefile (from `Makefile', line 1)
my_dir := /Users/bhoward/src/kubevirt-hook
# environment
OPENSHIFT_INSTALL_LIBVIRT_URI = qemu+tcp://192.168.122.1/system
# environment
OS_OUTPUT_GOPATH = 1
# makefile (from `Makefile', line 10)
PREFIX = /usr
# environment
VSCODE_HANDLES_UNCAUGHT_ERRORS = true
# automatic
^D = $(patsubst %/,%,$(dir $^))
# makefile (from `Makefile', line 14)
localGoos := darwin
# environment
XPC_FLAGS = 0x0
# default
MAKE = $(MAKE_COMMAND)
# default
MAKECMDGOALS := all
# environment
SHLVL = 1
# makefile (from `Makefile', line 2)
version = $(shell git log -n 1 --date=short --pretty=format:%cs.%h)
# default
MAKE_VERSION := 3.81
# environment
USER = bhoward
# makefile
.DEFAULT_GOAL := devmode
# makefile (from `Makefile', line 7)
devldflags = $(_ldflags) -X main.developmentMode=1
# makefile (from `Makefile', line 11)
DESTDIR = i
# automatic
%D = $(patsubst %/,%,$(dir $%))
# default
MAKE_COMMAND := /Library/Developer/CommandLineTools/usr/bin/make
# default
.VARIABLES := 
# environment
TMPDIR = /var/folders/qr/041rvq451c79tl2qtr86mslcz00h73/T/
# automatic
*F = $(notdir $*)
# environment
VSCODE_IPC_HOOK = /Users/bhoward/Library/Application Support/Code/1.69.2-main.sock
# environment
MallocNanoZone = 0
# makefile
MAKEFLAGS = Rrqp
# environment
MFLAGS = -Rrqp
# automatic
*D = $(patsubst %/,%,$(dir $*))
# environment
XPC_SERVICE_NAME = application.com.microsoft.VSCode.14733875.14733881
# environment
HOMEBREW_PREFIX = /opt/homebrew
# automatic
+D = $(patsubst %/,%,$(dir $+))
# automatic
+F = $(notdir $+)
# environment
OPENSHIFT_INSTALL_CLUSTER_NAME = test1
# environment
HOMEBREW_REPOSITORY = /opt/homebrew
# environment
__CF_USER_TEXT_ENCODING = 0x3E0040E3:0x0:0x0
# environment
COMMAND_MODE = unix2003
# default
MAKEFILES := 
# automatic
<F = $(notdir $<)
# environment
EDITOR = /usr/bin/vim
# environment
LC_ALL = C
# environment
OPENSHIFT_INSTALL_PULL_SECRET_PATH = /home/ben/.secrets/coreos-secret.json
# automatic
^F = $(notdir $^)
# default
SUFFIXES := 
# makefile (from `Makefile', line 4)
tag = $(shell git describe --abbrev=0 --tags)
# environment
MAKELEVEL := 0
# environment
LANG = C
# environment
TERM = xterm-256color
# makefile (from `Makefile', line 6)
ldflags = $(_ldflags)
# environment
OPENSHIFT_INSTALL_BASE_DOMAIN = darkmuggle.tt
# environment
VSCODE_PID = 91623
# variable set hash-table stats:
# Load=91/1024=9%, Rehash=0, Collisions=15/133=11%

# Pattern-specific Variable Values

build-% :
# makefile (from `Makefile', line 27)
# GOARCH := $$*

build-% :
# makefile (from `Makefile', line 28)
# goos := $$(or $$(GOOS),$$(localGoos))

# 2 pattern-specific variable values
# Directories

# . (device 16777232, inode 14802554): 10 files, no impossibilities.

# 10 files, no impossibilities in 1 directories.

# Implicit Rules

build-%:
#  commands to execute (from `Makefile', line 30):
	cd cmd/ && env CGO_ENABLED=0 GOOS=${goos} GOARCH=${GOARCH} \
	go build -ldflags "${ldflags}" -mod vendor -v -o ${my_dir}/bin/perms-${goos}-${GOARCH};
	if [ "${goos}" == "linux" ]; then mv ${my_dir}/bin/perms-${goos}-${GOARCH} ${my_dir}/bin/perms-${GOARCH}; fi
	

# 1 implicit rules, 0 (0.0%) terminal.

# Files

# Not a target:
all:
#  Command-line target.
#  Implicit rule search has been done.
#  File does not exist.
#  File has not been updated.
# variable set hash-table stats:
# Load=0/32=0%, Rehash=0, Collisions=0/0=0%

.PHONY: devmode test clean go-deps container
#  Implicit rule search has not been done.
#  Modification time never checked.
#  File has not been updated.

# Not a target:
.SUFFIXES:
#  Implicit rule search has not been done.
#  Modification time never checked.
#  File has not been updated.

# Not a target:
Makefile:
#  Implicit rule search has been done.
#  Last modified 2022-07-29 11:41:56
#  File has been updated.
#  Successfully updated.
# variable set hash-table stats:
# Load=0/32=0%, Rehash=0, Collisions=0/0=0%

test: fmt
#  Phony target (prerequisite of .PHONY).
#  Implicit rule search has not been done.
#  File does not exist.
#  File has not been updated.
#  commands to execute (from `Makefile', line 36):
	cd pkg && env CGO_ENABLED=0 go test -cover=1 -mod=vendor -v -cover ./...
 
make: *** No rule to make target `all'.  Stop.

	

container:
#  Phony target (prerequisite of .PHONY).
#  Implicit rule search has not been done.
#  File does not exist.
#  File has not been updated.
#  commands to execute (from `Makefile', line 52):
	docker build -t perms-latest -f Dockerfile .
	

devmode: build-arm64
#  Phony target (prerequisite of .PHONY).
#  Implicit rule search has not been done.
#  File does not exist.
#  File has not been updated.
# makefile (from `Makefile', line 18)
# ldflags = ${devldflags}
# makefile (from `Makefile', line 19)
# goos = ${localGoos}
# variable set hash-table stats:
# Load=2/32=6%, Rehash=0, Collisions=0/2=0%

# Not a target:
build-arm64:
#  Implicit rule search has not been done.
#  Modification time never checked.
#  File has not been updated.

build-all:
#  Implicit rule search has not been done.
#  Modification time never checked.
#  File has not been updated.
#  commands to execute (from `Makefile', line 23):
	for o in linux darwin; do \
	for a in arm64 amd64; do \
	$(MAKE) build-$${a} GOOS=$${o}; done; done
	

# Not a target:
.DEFAULT:
#  Implicit rule search has not been done.
#  Modification time never checked.
#  File has not been updated.

clean:
#  Phony target (prerequisite of .PHONY).
#  Implicit rule search has not been done.
#  File does not exist.
#  File has not been updated.
#  commands to execute (from `Makefile', line 40):
	@go clean .
	@rm -rf bin
	

# Not a target:
fmt:
#  Implicit rule search has not been done.
#  Modification time never checked.
#  File has not been updated.

go-deps:
#  Phony target (prerequisite of .PHONY).
#  Implicit rule search has not been done.
#  File does not exist.
#  File has not been updated.
#  commands to execute (from `Makefile', line 46):
	go mod tidy
	go mod vendor
	go mod download
	

# files hash-table stats:
# Load=13/1024=1%, Rehash=0, Collisions=0/39=0%
# VPATH Search Paths

# No `vpath' search paths.

# No general (`VPATH' variable) search path.

# # of strings in strcache: 1
# # of strcache buffers: 1
# strcache size: total = 4096 / max = 4096 / min = 4096 / avg = 4096
# strcache free: total = 4087 / max = 4087 / min = 4087 / avg = 4087

# Finished Make data base on Fri Jul 29 11:42:33 2022

 
